<?xml version="1.0" encoding="UTF-8"?>
<!-- Generated by org.testng.reporters.JUnitReportReporter -->
<testsuite skipped="0" hostname="KAMAL" name="test.loginTest" tests="1" failures="0" timestamp="2019-11-23T13:26:45 CST" time="9.447" errors="0">
  <testcase name="openGoogleSite" time="9.447" classname="test.loginTest"/>
</testsuite> <!-- test.loginTest -->
